  [1m[35m (11.9ms)[0m  [1m[35mDROP DATABASE IF EXISTS `asset-manager-test`[0m
  [1m[35m (3.7ms)[0m  [1m[34mSELECT DATABASE() as db[0m
  [1m[35m (4.5ms)[0m  [1m[34mSELECT GET_LOCK('8771566319710764360', 0);[0m
  [1m[36mActiveRecord::SchemaMigration Load (6.0ms)[0m  [1m[34mSELECT `schema_migrations`.* FROM `schema_migrations`[0m
Migrating to CreateAssignTos (20160816065608)
  [1m[35m (63.7ms)[0m  [1m[35mCREATE TABLE `assign_tos` (`id` int AUTO_INCREMENT PRIMARY KEY, `created_at` datetime NOT NULL, `updated_at` datetime NOT NULL) ENGINE=InnoDB[0m
  [1m[35m (0.3ms)[0m  [1m[35mBEGIN[0m
  [1m[35mSQL (5.0ms)[0m  [1m[32mINSERT INTO `schema_migrations` (`version`) VALUES ('20160816065608')[0m
  [1m[35m (2.9ms)[0m  [1m[35mCOMMIT[0m
  [1m[36mActiveRecord::InternalMetadata Load (3.5ms)[0m  [1m[34mSELECT  `ar_internal_metadata`.* FROM `ar_internal_metadata` WHERE `ar_internal_metadata`.`key` = 'environment' LIMIT 1[0m
  [1m[35m (0.3ms)[0m  [1m[35mBEGIN[0m
  [1m[35mSQL (7.1ms)[0m  [1m[33mUPDATE `ar_internal_metadata` SET `value` = 'development', `updated_at` = '2016-08-16 07:15:54' WHERE `ar_internal_metadata`.`key` = 'environment'[0m
  [1m[35m (2.8ms)[0m  [1m[35mCOMMIT[0m
  [1m[35m (0.4ms)[0m  [1m[34mSELECT RELEASE_LOCK('8771566319710764360')[0m
  [1m[36mActiveRecord::SchemaMigration Load (0.4ms)[0m  [1m[34mSELECT `schema_migrations`.* FROM `schema_migrations`[0m
  [1m[35m (3.4ms)[0m  [1m[35mSHOW CREATE TABLE `assign_tos`[0m
  [1m[35m (0.3ms)[0m  [1m[35mSHOW CREATE TABLE `equipment`[0m
  [1m[35m (0.6ms)[0m  [1m[35mSHOW TABLE STATUS LIKE 'equipment'[0m
  [1m[35m (15.6ms)[0m  [1m[34mSELECT fk.referenced_table_name as 'to_table'
      ,fk.referenced_column_name as 'primary_key'
      ,fk.column_name as 'column'
      ,fk.constraint_name as 'name'
FROM information_schema.key_column_usage fk
WHERE fk.referenced_column_name is not null
  AND fk.table_schema = 'asset-manager-test'
  AND fk.table_name = 'assign_tos'
[0m
  [1m[35m (0.3ms)[0m  [1m[34mSELECT fk.referenced_table_name as 'to_table'
      ,fk.referenced_column_name as 'primary_key'
      ,fk.column_name as 'column'
      ,fk.constraint_name as 'name'
FROM information_schema.key_column_usage fk
WHERE fk.referenced_column_name is not null
  AND fk.table_schema = 'asset-manager-test'
  AND fk.table_name = 'equipment'
[0m
